<?xml version="1.0" encoding="utf-8"?>
<test-run id="2" testcasecount="5" result="Failed(Child)" total="5" passed="1" failed="4" inconclusive="0" skipped="0" asserts="0" engine-version="3.5.0.0" clr-version="4.0.30319.42000" start-time="2026-02-23 01:14:25Z" end-time="2026-02-23 01:14:25Z" duration="0.0311889">
  <test-suite type="TestSuite" id="1039" name="WorldZones.WorldGen.Tests.Unity" fullname="WorldZones.WorldGen.Tests.Unity" runstate="Runnable" testcasecount="25" result="Failed" site="Child" start-time="2026-02-23 01:14:25Z" end-time="2026-02-23 01:14:25Z" duration="0.031189" total="5" passed="1" failed="4" inconclusive="0" skipped="0" asserts="0">
    <properties>
      <property name="platform" value="PlayMode" />
    </properties>
    <failure>
      <message><![CDATA[One or more child tests had errors]]></message>
    </failure>
    <test-suite type="Assembly" id="1035" name="WorldZones.WorldGen.Tests.Unity.dll" fullname="C:/Users/dangreen/projects/valheim/worldzones/tests/unity/Library/ScriptAssemblies/WorldZones.WorldGen.Tests.Unity.dll" runstate="Runnable" testcasecount="25" result="Failed" site="Child" start-time="2026-02-23 01:14:25Z" end-time="2026-02-23 01:14:25Z" duration="0.024646" total="5" passed="1" failed="4" inconclusive="0" skipped="0" asserts="0">
      <properties>
        <property name="_PID" value="35184" />
        <property name="_APPDOMAIN" value="Unity Child Domain" />
        <property name="platform" value="PlayMode" />
        <property name="EditorOnly" value="False" />
      </properties>
      <failure>
        <message><![CDATA[One or more child tests had errors]]></message>
      </failure>
      <output><![CDATA[ArgumentException: Unrecognized InputUpdateType: Editor
Parameter name: updateType
UnityEngine.InputSystem.LowLevel.InputStateBuffers.GetDoubleBuffersFor (UnityEngine.InputSystem.LowLevel.InputUpdateType updateType) (at <9276d007063e441c8bb94c8678d7f4be>:0)
UnityEngine.InputSystem.LowLevel.InputStateBuffers.SwitchTo (UnityEngine.InputSystem.LowLevel.InputStateBuffers buffers, UnityEngine.InputSystem.LowLevel.InputUpdateType update) (at <9276d007063e441c8bb94c8678d7f4be>:0)
UnityEngine.InputSystem.InputManager.OnUpdate (UnityEngine.InputSystem.LowLevel.InputUpdateType updateType, UnityEngine.InputSystem.LowLevel.InputEventBuffer& eventBuffer) (at <9276d007063e441c8bb94c8678d7f4be>:0)
UnityEngine.InputSystem.LowLevel.NativeInputRuntime+<>c__DisplayClass7_0.<set_onUpdate>b__0 (UnityEngineInternal.Input.NativeInputUpdateType updateType, UnityEngineInternal.Input.NativeInputEventBuffer* eventBufferPtr) (at <9276d007063e441c8bb94c8678d7f4be>:0)
UnityEngine.InputSystem.LowLevel.<>c__DisplayClass7_0:<set_onUpdate>b__0(NativeInputUpdateType, NativeInputEventBuffer*)
UnityEngineInternal.Input.NativeInputSystem:NotifyUpdate(NativeInputUpdateType, IntPtr)

ArgumentException during event processing of Editor update; resetting event buffer
]]></output>
      <test-suite type="TestFixture" id="1002" name="UnityRandomValidationTests" fullname="UnityRandomValidationTests" classname="UnityRandomValidationTests" runstate="Runnable" testcasecount="5" result="Failed" site="Child" start-time="2026-02-23 01:14:25Z" end-time="2026-02-23 01:14:25Z" duration="0.022844" total="5" passed="1" failed="4" inconclusive="0" skipped="0" asserts="0">
        <properties />
        <failure>
          <message><![CDATA[One or more child tests had errors]]></message>
        </failure>
        <output><![CDATA[ArgumentException: Unrecognized InputUpdateType: Editor
Parameter name: updateType
UnityEngine.InputSystem.LowLevel.InputStateBuffers.GetDoubleBuffersFor (UnityEngine.InputSystem.LowLevel.InputUpdateType updateType) (at <9276d007063e441c8bb94c8678d7f4be>:0)
UnityEngine.InputSystem.LowLevel.InputStateBuffers.SwitchTo (UnityEngine.InputSystem.LowLevel.InputStateBuffers buffers, UnityEngine.InputSystem.LowLevel.InputUpdateType update) (at <9276d007063e441c8bb94c8678d7f4be>:0)
UnityEngine.InputSystem.InputManager.OnUpdate (UnityEngine.InputSystem.LowLevel.InputUpdateType updateType, UnityEngine.InputSystem.LowLevel.InputEventBuffer& eventBuffer) (at <9276d007063e441c8bb94c8678d7f4be>:0)
UnityEngine.InputSystem.LowLevel.NativeInputRuntime+<>c__DisplayClass7_0.<set_onUpdate>b__0 (UnityEngineInternal.Input.NativeInputUpdateType updateType, UnityEngineInternal.Input.NativeInputEventBuffer* eventBufferPtr) (at <9276d007063e441c8bb94c8678d7f4be>:0)
UnityEngine.InputSystem.LowLevel.<>c__DisplayClass7_0:<set_onUpdate>b__0(NativeInputUpdateType, NativeInputEventBuffer*)
UnityEngineInternal.Input.NativeInputSystem:NotifyUpdate(NativeInputUpdateType, IntPtr)

ArgumentException during event processing of Editor update; resetting event buffer
]]></output>
        <test-case id="1004" name="RangeFloat_matches_UnityEngine_Random_for_multiple_seeds" fullname="UnityRandomValidationTests.RangeFloat_matches_UnityEngine_Random_for_multiple_seeds" methodname="RangeFloat_matches_UnityEngine_Random_for_multiple_seeds" classname="UnityRandomValidationTests" runstate="Runnable" seed="1865780173" result="Failed" start-time="2026-02-23 01:14:25Z" end-time="2026-02-23 01:14:25Z" duration="0.009587" asserts="0">
          <properties>
            <property name="retryIteration" value="0" />
            <property name="repeatIteration" value="0" />
          </properties>
          <failure>
            <message><![CDATA[  Mismatch at seed=0, call #0: Unity=-1682.793, Ours=-1149.057
  Expected: -1682.79296875d +/- 9.9999997473787516E-05d
  But was:  -1149.0565185546875d
]]></message>
            <stack-trace><![CDATA[at UnityRandomValidationTests.RangeFloat_matches_UnityEngine_Random_for_multiple_seeds () [0x00093] in C:\Users\dangreen\projects\valheim\worldzones\tests\unity\Assets\Tests\UnityRandomValidationTests.cs:68
]]></stack-trace>
          </failure>
        </test-case>
        <test-case id="1003" name="RangeInt_matches_UnityEngine_Random_for_multiple_seeds" fullname="UnityRandomValidationTests.RangeInt_matches_UnityEngine_Random_for_multiple_seeds" methodname="RangeInt_matches_UnityEngine_Random_for_multiple_seeds" classname="UnityRandomValidationTests" runstate="Runnable" seed="1330864747" result="Failed" start-time="2026-02-23 01:14:25Z" end-time="2026-02-23 01:14:25Z" duration="0.001395" asserts="0">
          <properties>
            <property name="retryIteration" value="0" />
            <property name="repeatIteration" value="0" />
          </properties>
          <failure>
            <message><![CDATA[  Mismatch at seed=0, call #0: Unity=-4474, Ours=-4392
  Expected: -4474
  But was:  -4392
]]></message>
            <stack-trace><![CDATA[at UnityRandomValidationTests.RangeInt_matches_UnityEngine_Random_for_multiple_seeds () [0x000b6] in C:\Users\dangreen\projects\valheim\worldzones\tests\unity\Assets\Tests\UnityRandomValidationTests.cs:40
]]></stack-trace>
          </failure>
        </test-case>
        <test-case id="1007" name="RangeInt_min_equals_max_returns_min" fullname="UnityRandomValidationTests.RangeInt_min_equals_max_returns_min" methodname="RangeInt_min_equals_max_returns_min" classname="UnityRandomValidationTests" runstate="Runnable" seed="147062164" result="Passed" start-time="2026-02-23 01:14:25Z" end-time="2026-02-23 01:14:25Z" duration="0.001679" asserts="0">
          <properties>
            <property name="retryIteration" value="0" />
            <property name="repeatIteration" value="0" />
          </properties>
        </test-case>
        <test-case id="1005" name="Value_matches_UnityEngine_Random_for_multiple_seeds" fullname="UnityRandomValidationTests.Value_matches_UnityEngine_Random_for_multiple_seeds" methodname="Value_matches_UnityEngine_Random_for_multiple_seeds" classname="UnityRandomValidationTests" runstate="Runnable" seed="382519149" result="Failed" start-time="2026-02-23 01:14:25Z" end-time="2026-02-23 01:14:25Z" duration="0.000403" asserts="0">
          <properties>
            <property name="retryIteration" value="0" />
            <property name="repeatIteration" value="0" />
          </properties>
          <failure>
            <message><![CDATA[  Mismatch at seed=0, call #0: Unity=0.5841396, Ours=0.4425472
  Expected: 0.58413964509963989d +/- 9.9999997473787516E-05d
  But was:  0.44254717230796814d
]]></message>
            <stack-trace><![CDATA[at UnityRandomValidationTests.Value_matches_UnityEngine_Random_for_multiple_seeds () [0x00083] in C:\Users\dangreen\projects\valheim\worldzones\tests\unity\Assets\Tests\UnityRandomValidationTests.cs:96
]]></stack-trace>
          </failure>
        </test-case>
        <test-case id="1006" name="WorldGenerator_offset_sequence_matches" fullname="UnityRandomValidationTests.WorldGenerator_offset_sequence_matches" methodname="WorldGenerator_offset_sequence_matches" classname="UnityRandomValidationTests" runstate="Runnable" seed="1110412911" result="Failed" start-time="2026-02-23 01:14:25Z" end-time="2026-02-23 01:14:25Z" duration="0.000392" asserts="0">
          <properties>
            <property name="retryIteration" value="0" />
            <property name="repeatIteration" value="0" />
          </properties>
          <failure>
            <message><![CDATA[  offset0: Unity=-2374, Ours=3700
  Expected: -2374
  But was:  3700
]]></message>
            <stack-trace><![CDATA[at UnityRandomValidationTests.WorldGenerator_offset_sequence_matches () [0x00101] in C:\Users\dangreen\projects\valheim\worldzones\tests\unity\Assets\Tests\UnityRandomValidationTests.cs:133
]]></stack-trace>
          </failure>
          <output><![CDATA[Saving results to: C:\Users\dangreen\projects\valheim\worldzones\tests\unity\TestResults-PM.xml
]]></output>
        </test-case>
      </test-suite>
    </test-suite>
  </test-suite>
</test-run>