<?xml version="1.0" encoding="utf-8"?>
<test-run id="2" testcasecount="9" result="Passed" total="9" passed="9" failed="0" inconclusive="0" skipped="0" asserts="0" engine-version="3.5.0.0" clr-version="4.0.30319.42000" start-time="2026-02-23 01:26:34Z" end-time="2026-02-23 01:26:34Z" duration="0.0344529">
  <test-suite type="TestSuite" id="1017" name="WorldZones.WorldGen.Tests.Unity" fullname="WorldZones.WorldGen.Tests.Unity" runstate="Runnable" testcasecount="9" result="Passed" start-time="2026-02-23 01:26:34Z" end-time="2026-02-23 01:26:34Z" duration="0.034453" total="9" passed="9" failed="0" inconclusive="0" skipped="0" asserts="0">
    <properties>
      <property name="platform" value="PlayMode" />
    </properties>
    <test-suite type="Assembly" id="1013" name="WorldZones.WorldGen.Tests.Unity.dll" fullname="C:/Users/dangreen/projects/valheim/worldzones/tests/unity/Library/ScriptAssemblies/WorldZones.WorldGen.Tests.Unity.dll" runstate="Runnable" testcasecount="9" result="Passed" start-time="2026-02-23 01:26:34Z" end-time="2026-02-23 01:26:34Z" duration="0.027807" total="9" passed="9" failed="0" inconclusive="0" skipped="0" asserts="0">
      <properties>
        <property name="_PID" value="27844" />
        <property name="_APPDOMAIN" value="Unity Child Domain" />
        <property name="platform" value="PlayMode" />
        <property name="EditorOnly" value="False" />
      </properties>
      <output><![CDATA[ArgumentException: Unrecognized InputUpdateType: Editor
Parameter name: updateType
UnityEngine.InputSystem.LowLevel.InputStateBuffers.GetDoubleBuffersFor (UnityEngine.InputSystem.LowLevel.InputUpdateType updateType) (at <9276d007063e441c8bb94c8678d7f4be>:0)
UnityEngine.InputSystem.LowLevel.InputStateBuffers.SwitchTo (UnityEngine.InputSystem.LowLevel.InputStateBuffers buffers, UnityEngine.InputSystem.LowLevel.InputUpdateType update) (at <9276d007063e441c8bb94c8678d7f4be>:0)
UnityEngine.InputSystem.InputManager.OnUpdate (UnityEngine.InputSystem.LowLevel.InputUpdateType updateType, UnityEngine.InputSystem.LowLevel.InputEventBuffer& eventBuffer) (at <9276d007063e441c8bb94c8678d7f4be>:0)
UnityEngine.InputSystem.LowLevel.NativeInputRuntime+<>c__DisplayClass7_0.<set_onUpdate>b__0 (UnityEngineInternal.Input.NativeInputUpdateType updateType, UnityEngineInternal.Input.NativeInputEventBuffer* eventBufferPtr) (at <9276d007063e441c8bb94c8678d7f4be>:0)
UnityEngine.InputSystem.LowLevel.<>c__DisplayClass7_0:<set_onUpdate>b__0(NativeInputUpdateType, NativeInputEventBuffer*)
UnityEngineInternal.Input.NativeInputSystem:NotifyUpdate(NativeInputUpdateType, IntPtr)

ArgumentException during event processing of Editor update; resetting event buffer
]]></output>
      <test-suite type="TestFixture" id="1002" name="UnityRandomValidationTests" fullname="UnityRandomValidationTests" classname="UnityRandomValidationTests" runstate="Runnable" testcasecount="5" result="Passed" start-time="2026-02-23 01:26:34Z" end-time="2026-02-23 01:26:34Z" duration="0.018140" total="5" passed="5" failed="0" inconclusive="0" skipped="0" asserts="0">
        <properties />
        <output><![CDATA[ArgumentException: Unrecognized InputUpdateType: Editor
Parameter name: updateType
UnityEngine.InputSystem.LowLevel.InputStateBuffers.GetDoubleBuffersFor (UnityEngine.InputSystem.LowLevel.InputUpdateType updateType) (at <9276d007063e441c8bb94c8678d7f4be>:0)
UnityEngine.InputSystem.LowLevel.InputStateBuffers.SwitchTo (UnityEngine.InputSystem.LowLevel.InputStateBuffers buffers, UnityEngine.InputSystem.LowLevel.InputUpdateType update) (at <9276d007063e441c8bb94c8678d7f4be>:0)
UnityEngine.InputSystem.InputManager.OnUpdate (UnityEngine.InputSystem.LowLevel.InputUpdateType updateType, UnityEngine.InputSystem.LowLevel.InputEventBuffer& eventBuffer) (at <9276d007063e441c8bb94c8678d7f4be>:0)
UnityEngine.InputSystem.LowLevel.NativeInputRuntime+<>c__DisplayClass7_0.<set_onUpdate>b__0 (UnityEngineInternal.Input.NativeInputUpdateType updateType, UnityEngineInternal.Input.NativeInputEventBuffer* eventBufferPtr) (at <9276d007063e441c8bb94c8678d7f4be>:0)
UnityEngine.InputSystem.LowLevel.<>c__DisplayClass7_0:<set_onUpdate>b__0(NativeInputUpdateType, NativeInputEventBuffer*)
UnityEngineInternal.Input.NativeInputSystem:NotifyUpdate(NativeInputUpdateType, IntPtr)

ArgumentException during event processing of Editor update; resetting event buffer
]]></output>
        <test-case id="1004" name="RangeFloat_matches_UnityEngine_Random_for_multiple_seeds" fullname="UnityRandomValidationTests.RangeFloat_matches_UnityEngine_Random_for_multiple_seeds" methodname="RangeFloat_matches_UnityEngine_Random_for_multiple_seeds" classname="UnityRandomValidationTests" runstate="Runnable" seed="1004640219" result="Passed" start-time="2026-02-23 01:26:34Z" end-time="2026-02-23 01:26:34Z" duration="0.008140" asserts="0">
          <properties>
            <property name="retryIteration" value="0" />
            <property name="repeatIteration" value="0" />
          </properties>
        </test-case>
        <test-case id="1003" name="RangeInt_matches_UnityEngine_Random_for_multiple_seeds" fullname="UnityRandomValidationTests.RangeInt_matches_UnityEngine_Random_for_multiple_seeds" methodname="RangeInt_matches_UnityEngine_Random_for_multiple_seeds" classname="UnityRandomValidationTests" runstate="Runnable" seed="1520975492" result="Passed" start-time="2026-02-23 01:26:34Z" end-time="2026-02-23 01:26:34Z" duration="0.001150" asserts="0">
          <properties>
            <property name="retryIteration" value="0" />
            <property name="repeatIteration" value="0" />
          </properties>
        </test-case>
        <test-case id="1007" name="RangeInt_min_equals_max_returns_min" fullname="UnityRandomValidationTests.RangeInt_min_equals_max_returns_min" methodname="RangeInt_min_equals_max_returns_min" classname="UnityRandomValidationTests" runstate="Runnable" seed="357509971" result="Passed" start-time="2026-02-23 01:26:34Z" end-time="2026-02-23 01:26:34Z" duration="0.000135" asserts="0">
          <properties>
            <property name="retryIteration" value="0" />
            <property name="repeatIteration" value="0" />
          </properties>
        </test-case>
        <test-case id="1005" name="Value_matches_UnityEngine_Random_for_multiple_seeds" fullname="UnityRandomValidationTests.Value_matches_UnityEngine_Random_for_multiple_seeds" methodname="Value_matches_UnityEngine_Random_for_multiple_seeds" classname="UnityRandomValidationTests" runstate="Runnable" seed="732746592" result="Passed" start-time="2026-02-23 01:26:34Z" end-time="2026-02-23 01:26:34Z" duration="0.000427" asserts="0">
          <properties>
            <property name="retryIteration" value="0" />
            <property name="repeatIteration" value="0" />
          </properties>
        </test-case>
        <test-case id="1006" name="WorldGenerator_offset_sequence_matches" fullname="UnityRandomValidationTests.WorldGenerator_offset_sequence_matches" methodname="WorldGenerator_offset_sequence_matches" classname="UnityRandomValidationTests" runstate="Runnable" seed="1245625873" result="Passed" start-time="2026-02-23 01:26:34Z" end-time="2026-02-23 01:26:34Z" duration="0.000237" asserts="0">
          <properties>
            <property name="retryIteration" value="0" />
            <property name="repeatIteration" value="0" />
          </properties>
        </test-case>
      </test-suite>
      <test-suite type="TestSuite" id="1014" name="WorldZones" fullname="WorldZones" runstate="Runnable" testcasecount="4" result="Passed" start-time="2026-02-23 01:26:34Z" end-time="2026-02-23 01:26:34Z" duration="0.008284" total="4" passed="4" failed="0" inconclusive="0" skipped="0" asserts="0">
        <properties />
        <output><![CDATA[ArgumentException: Unrecognized InputUpdateType: Editor
Parameter name: updateType
UnityEngine.InputSystem.LowLevel.InputStateBuffers.GetDoubleBuffersFor (UnityEngine.InputSystem.LowLevel.InputUpdateType updateType) (at <9276d007063e441c8bb94c8678d7f4be>:0)
UnityEngine.InputSystem.LowLevel.InputStateBuffers.SwitchTo (UnityEngine.InputSystem.LowLevel.InputStateBuffers buffers, UnityEngine.InputSystem.LowLevel.InputUpdateType update) (at <9276d007063e441c8bb94c8678d7f4be>:0)
UnityEngine.InputSystem.InputManager.OnUpdate (UnityEngine.InputSystem.LowLevel.InputUpdateType updateType, UnityEngine.InputSystem.LowLevel.InputEventBuffer& eventBuffer) (at <9276d007063e441c8bb94c8678d7f4be>:0)
UnityEngine.InputSystem.LowLevel.NativeInputRuntime+<>c__DisplayClass7_0.<set_onUpdate>b__0 (UnityEngineInternal.Input.NativeInputUpdateType updateType, UnityEngineInternal.Input.NativeInputEventBuffer* eventBufferPtr) (at <9276d007063e441c8bb94c8678d7f4be>:0)
UnityEngine.InputSystem.LowLevel.<>c__DisplayClass7_0:<set_onUpdate>b__0(NativeInputUpdateType, NativeInputEventBuffer*)
UnityEngineInternal.Input.NativeInputSystem:NotifyUpdate(NativeInputUpdateType, IntPtr)

ArgumentException during event processing of Editor update; resetting event buffer
]]></output>
        <test-suite type="TestSuite" id="1015" name="WorldGen" fullname="WorldZones.WorldGen" runstate="Runnable" testcasecount="4" result="Passed" start-time="2026-02-23 01:26:34Z" end-time="2026-02-23 01:26:34Z" duration="0.007321" total="4" passed="4" failed="0" inconclusive="0" skipped="0" asserts="0">
          <properties />
          <output><![CDATA[ArgumentException: Unrecognized InputUpdateType: Editor
Parameter name: updateType
UnityEngine.InputSystem.LowLevel.InputStateBuffers.GetDoubleBuffersFor (UnityEngine.InputSystem.LowLevel.InputUpdateType updateType) (at <9276d007063e441c8bb94c8678d7f4be>:0)
UnityEngine.InputSystem.LowLevel.InputStateBuffers.SwitchTo (UnityEngine.InputSystem.LowLevel.InputStateBuffers buffers, UnityEngine.InputSystem.LowLevel.InputUpdateType update) (at <9276d007063e441c8bb94c8678d7f4be>:0)
UnityEngine.InputSystem.InputManager.OnUpdate (UnityEngine.InputSystem.LowLevel.InputUpdateType updateType, UnityEngine.InputSystem.LowLevel.InputEventBuffer& eventBuffer) (at <9276d007063e441c8bb94c8678d7f4be>:0)
UnityEngine.InputSystem.LowLevel.NativeInputRuntime+<>c__DisplayClass7_0.<set_onUpdate>b__0 (UnityEngineInternal.Input.NativeInputUpdateType updateType, UnityEngineInternal.Input.NativeInputEventBuffer* eventBufferPtr) (at <9276d007063e441c8bb94c8678d7f4be>:0)
UnityEngine.InputSystem.LowLevel.<>c__DisplayClass7_0:<set_onUpdate>b__0(NativeInputUpdateType, NativeInputEventBuffer*)
UnityEngineInternal.Input.NativeInputSystem:NotifyUpdate(NativeInputUpdateType, IntPtr)

ArgumentException during event processing of Editor update; resetting event buffer
]]></output>
          <test-suite type="TestSuite" id="1016" name="Tests" fullname="WorldZones.WorldGen.Tests" runstate="Runnable" testcasecount="4" result="Passed" start-time="2026-02-23 01:26:34Z" end-time="2026-02-23 01:26:34Z" duration="0.006639" total="4" passed="4" failed="0" inconclusive="0" skipped="0" asserts="0">
            <properties />
            <output><![CDATA[ArgumentException: Unrecognized InputUpdateType: Editor
Parameter name: updateType
UnityEngine.InputSystem.LowLevel.InputStateBuffers.GetDoubleBuffersFor (UnityEngine.InputSystem.LowLevel.InputUpdateType updateType) (at <9276d007063e441c8bb94c8678d7f4be>:0)
UnityEngine.InputSystem.LowLevel.InputStateBuffers.SwitchTo (UnityEngine.InputSystem.LowLevel.InputStateBuffers buffers, UnityEngine.InputSystem.LowLevel.InputUpdateType update) (at <9276d007063e441c8bb94c8678d7f4be>:0)
UnityEngine.InputSystem.InputManager.OnUpdate (UnityEngine.InputSystem.LowLevel.InputUpdateType updateType, UnityEngine.InputSystem.LowLevel.InputEventBuffer& eventBuffer) (at <9276d007063e441c8bb94c8678d7f4be>:0)
UnityEngine.InputSystem.LowLevel.NativeInputRuntime+<>c__DisplayClass7_0.<set_onUpdate>b__0 (UnityEngineInternal.Input.NativeInputUpdateType updateType, UnityEngineInternal.Input.NativeInputEventBuffer* eventBufferPtr) (at <9276d007063e441c8bb94c8678d7f4be>:0)
UnityEngine.InputSystem.LowLevel.<>c__DisplayClass7_0:<set_onUpdate>b__0(NativeInputUpdateType, NativeInputEventBuffer*)
UnityEngineInternal.Input.NativeInputSystem:NotifyUpdate(NativeInputUpdateType, IntPtr)

ArgumentException during event processing of Editor update; resetting event buffer
]]></output>
            <test-suite type="TestFixture" id="1008" name="UnityPerlinNoiseTests" fullname="WorldZones.WorldGen.Tests.UnityPerlinNoiseTests" classname="WorldZones.WorldGen.Tests.UnityPerlinNoiseTests" runstate="Runnable" testcasecount="4" result="Passed" start-time="2026-02-23 01:26:34Z" end-time="2026-02-23 01:26:34Z" duration="0.006077" total="4" passed="4" failed="0" inconclusive="0" skipped="0" asserts="0">
              <properties />
              <output><![CDATA[ArgumentException: Unrecognized InputUpdateType: Editor
Parameter name: updateType
UnityEngine.InputSystem.LowLevel.InputStateBuffers.GetDoubleBuffersFor (UnityEngine.InputSystem.LowLevel.InputUpdateType updateType) (at <9276d007063e441c8bb94c8678d7f4be>:0)
UnityEngine.InputSystem.LowLevel.InputStateBuffers.SwitchTo (UnityEngine.InputSystem.LowLevel.InputStateBuffers buffers, UnityEngine.InputSystem.LowLevel.InputUpdateType update) (at <9276d007063e441c8bb94c8678d7f4be>:0)
UnityEngine.InputSystem.InputManager.OnUpdate (UnityEngine.InputSystem.LowLevel.InputUpdateType updateType, UnityEngine.InputSystem.LowLevel.InputEventBuffer& eventBuffer) (at <9276d007063e441c8bb94c8678d7f4be>:0)
UnityEngine.InputSystem.LowLevel.NativeInputRuntime+<>c__DisplayClass7_0.<set_onUpdate>b__0 (UnityEngineInternal.Input.NativeInputUpdateType updateType, UnityEngineInternal.Input.NativeInputEventBuffer* eventBufferPtr) (at <9276d007063e441c8bb94c8678d7f4be>:0)
UnityEngine.InputSystem.LowLevel.<>c__DisplayClass7_0:<set_onUpdate>b__0(NativeInputUpdateType, NativeInputEventBuffer*)
UnityEngineInternal.Input.NativeInputSystem:NotifyUpdate(NativeInputUpdateType, IntPtr)

ArgumentException during event processing of Editor update; resetting event buffer
]]></output>
              <test-case id="1009" name="CanCallMathfPerlinNoise_ReturnsValidValue" fullname="WorldZones.WorldGen.Tests.UnityPerlinNoiseTests.CanCallMathfPerlinNoise_ReturnsValidValue" methodname="CanCallMathfPerlinNoise_ReturnsValidValue" classname="WorldZones.WorldGen.Tests.UnityPerlinNoiseTests" runstate="Runnable" seed="1675021042" result="Passed" start-time="2026-02-23 01:26:34Z" end-time="2026-02-23 01:26:34Z" duration="0.002248" asserts="0">
                <properties>
                  <property name="retryIteration" value="0" />
                  <property name="repeatIteration" value="0" />
                </properties>
              </test-case>
              <test-case id="1011" name="MathfPerlinNoise_CoordinateWrapping" fullname="WorldZones.WorldGen.Tests.UnityPerlinNoiseTests.MathfPerlinNoise_CoordinateWrapping" methodname="MathfPerlinNoise_CoordinateWrapping" classname="WorldZones.WorldGen.Tests.UnityPerlinNoiseTests" runstate="Runnable" seed="30943327" result="Passed" start-time="2026-02-23 01:26:34Z" end-time="2026-02-23 01:26:34Z" duration="0.000611" asserts="0">
                <properties>
                  <property name="retryIteration" value="0" />
                  <property name="repeatIteration" value="0" />
                </properties>
              </test-case>
              <test-case id="1010" name="MathfPerlinNoise_IsDeterministic" fullname="WorldZones.WorldGen.Tests.UnityPerlinNoiseTests.MathfPerlinNoise_IsDeterministic" methodname="MathfPerlinNoise_IsDeterministic" classname="WorldZones.WorldGen.Tests.UnityPerlinNoiseTests" runstate="Runnable" seed="1378501223" result="Passed" start-time="2026-02-23 01:26:34Z" end-time="2026-02-23 01:26:34Z" duration="0.000160" asserts="0">
                <properties>
                  <property name="retryIteration" value="0" />
                  <property name="repeatIteration" value="0" />
                </properties>
              </test-case>
              <test-case id="1012" name="MathfPerlinNoise_KnownValues" fullname="WorldZones.WorldGen.Tests.UnityPerlinNoiseTests.MathfPerlinNoise_KnownValues" methodname="MathfPerlinNoise_KnownValues" classname="WorldZones.WorldGen.Tests.UnityPerlinNoiseTests" runstate="Runnable" seed="1564739116" result="Passed" start-time="2026-02-23 01:26:34Z" end-time="2026-02-23 01:26:34Z" duration="0.002010" asserts="0">
                <properties>
                  <property name="retryIteration" value="0" />
                  <property name="repeatIteration" value="0" />
                </properties>
                <output><![CDATA[Mathf.PerlinNoise(0, 0) = 0.4652731
Mathf.PerlinNoise(1, 1) = 0.4652731
Mathf.PerlinNoise(10.5, 20.3) = 0.549199
Mathf.PerlinNoise(100.123, 200.456) = 0.7334924
Saving results to: C:\Users\dangreen\projects\valheim\worldzones\tests\unity\TestResults-Cleanup.xml
]]></output>
              </test-case>
            </test-suite>
          </test-suite>
        </test-suite>
      </test-suite>
    </test-suite>
  </test-suite>
</test-run>