<?xml version="1.0" encoding="utf-8"?>
<test-run id="2" testcasecount="5" result="Passed" total="5" passed="5" failed="0" inconclusive="0" skipped="0" asserts="0" engine-version="3.5.0.0" clr-version="4.0.30319.42000" start-time="2026-02-23 01:22:48Z" end-time="2026-02-23 01:22:48Z" duration="0.0282115">
  <test-suite type="TestSuite" id="1039" name="WorldZones.WorldGen.Tests.Unity" fullname="WorldZones.WorldGen.Tests.Unity" runstate="Runnable" testcasecount="25" result="Passed" start-time="2026-02-23 01:22:48Z" end-time="2026-02-23 01:22:48Z" duration="0.028212" total="5" passed="5" failed="0" inconclusive="0" skipped="0" asserts="0">
    <properties>
      <property name="platform" value="PlayMode" />
    </properties>
    <test-suite type="Assembly" id="1035" name="WorldZones.WorldGen.Tests.Unity.dll" fullname="C:/Users/dangreen/projects/valheim/worldzones/tests/unity/Library/ScriptAssemblies/WorldZones.WorldGen.Tests.Unity.dll" runstate="Runnable" testcasecount="25" result="Passed" start-time="2026-02-23 01:22:48Z" end-time="2026-02-23 01:22:48Z" duration="0.021311" total="5" passed="5" failed="0" inconclusive="0" skipped="0" asserts="0">
      <properties>
        <property name="_PID" value="26060" />
        <property name="_APPDOMAIN" value="Unity Child Domain" />
        <property name="platform" value="PlayMode" />
        <property name="EditorOnly" value="False" />
      </properties>
      <output><![CDATA[ArgumentException: Unrecognized InputUpdateType: Editor
Parameter name: updateType
UnityEngine.InputSystem.LowLevel.InputStateBuffers.GetDoubleBuffersFor (UnityEngine.InputSystem.LowLevel.InputUpdateType updateType) (at <9276d007063e441c8bb94c8678d7f4be>:0)
UnityEngine.InputSystem.LowLevel.InputStateBuffers.SwitchTo (UnityEngine.InputSystem.LowLevel.InputStateBuffers buffers, UnityEngine.InputSystem.LowLevel.InputUpdateType update) (at <9276d007063e441c8bb94c8678d7f4be>:0)
UnityEngine.InputSystem.InputManager.OnUpdate (UnityEngine.InputSystem.LowLevel.InputUpdateType updateType, UnityEngine.InputSystem.LowLevel.InputEventBuffer& eventBuffer) (at <9276d007063e441c8bb94c8678d7f4be>:0)
UnityEngine.InputSystem.LowLevel.NativeInputRuntime+<>c__DisplayClass7_0.<set_onUpdate>b__0 (UnityEngineInternal.Input.NativeInputUpdateType updateType, UnityEngineInternal.Input.NativeInputEventBuffer* eventBufferPtr) (at <9276d007063e441c8bb94c8678d7f4be>:0)
UnityEngine.InputSystem.LowLevel.<>c__DisplayClass7_0:<set_onUpdate>b__0(NativeInputUpdateType, NativeInputEventBuffer*)
UnityEngineInternal.Input.NativeInputSystem:NotifyUpdate(NativeInputUpdateType, IntPtr)

ArgumentException during event processing of Editor update; resetting event buffer
]]></output>
      <test-suite type="TestFixture" id="1002" name="UnityRandomValidationTests" fullname="UnityRandomValidationTests" classname="UnityRandomValidationTests" runstate="Runnable" testcasecount="5" result="Passed" start-time="2026-02-23 01:22:48Z" end-time="2026-02-23 01:22:48Z" duration="0.019503" total="5" passed="5" failed="0" inconclusive="0" skipped="0" asserts="0">
        <properties />
        <output><![CDATA[ArgumentException: Unrecognized InputUpdateType: Editor
Parameter name: updateType
UnityEngine.InputSystem.LowLevel.InputStateBuffers.GetDoubleBuffersFor (UnityEngine.InputSystem.LowLevel.InputUpdateType updateType) (at <9276d007063e441c8bb94c8678d7f4be>:0)
UnityEngine.InputSystem.LowLevel.InputStateBuffers.SwitchTo (UnityEngine.InputSystem.LowLevel.InputStateBuffers buffers, UnityEngine.InputSystem.LowLevel.InputUpdateType update) (at <9276d007063e441c8bb94c8678d7f4be>:0)
UnityEngine.InputSystem.InputManager.OnUpdate (UnityEngine.InputSystem.LowLevel.InputUpdateType updateType, UnityEngine.InputSystem.LowLevel.InputEventBuffer& eventBuffer) (at <9276d007063e441c8bb94c8678d7f4be>:0)
UnityEngine.InputSystem.LowLevel.NativeInputRuntime+<>c__DisplayClass7_0.<set_onUpdate>b__0 (UnityEngineInternal.Input.NativeInputUpdateType updateType, UnityEngineInternal.Input.NativeInputEventBuffer* eventBufferPtr) (at <9276d007063e441c8bb94c8678d7f4be>:0)
UnityEngine.InputSystem.LowLevel.<>c__DisplayClass7_0:<set_onUpdate>b__0(NativeInputUpdateType, NativeInputEventBuffer*)
UnityEngineInternal.Input.NativeInputSystem:NotifyUpdate(NativeInputUpdateType, IntPtr)

ArgumentException during event processing of Editor update; resetting event buffer
]]></output>
        <test-case id="1004" name="RangeFloat_matches_UnityEngine_Random_for_multiple_seeds" fullname="UnityRandomValidationTests.RangeFloat_matches_UnityEngine_Random_for_multiple_seeds" methodname="RangeFloat_matches_UnityEngine_Random_for_multiple_seeds" classname="UnityRandomValidationTests" runstate="Runnable" seed="2129836263" result="Passed" start-time="2026-02-23 01:22:48Z" end-time="2026-02-23 01:22:48Z" duration="0.008347" asserts="0">
          <properties>
            <property name="retryIteration" value="0" />
            <property name="repeatIteration" value="0" />
          </properties>
        </test-case>
        <test-case id="1003" name="RangeInt_matches_UnityEngine_Random_for_multiple_seeds" fullname="UnityRandomValidationTests.RangeInt_matches_UnityEngine_Random_for_multiple_seeds" methodname="RangeInt_matches_UnityEngine_Random_for_multiple_seeds" classname="UnityRandomValidationTests" runstate="Runnable" seed="671385137" result="Passed" start-time="2026-02-23 01:22:48Z" end-time="2026-02-23 01:22:48Z" duration="0.001230" asserts="0">
          <properties>
            <property name="retryIteration" value="0" />
            <property name="repeatIteration" value="0" />
          </properties>
        </test-case>
        <test-case id="1007" name="RangeInt_min_equals_max_returns_min" fullname="UnityRandomValidationTests.RangeInt_min_equals_max_returns_min" methodname="RangeInt_min_equals_max_returns_min" classname="UnityRandomValidationTests" runstate="Runnable" seed="929807242" result="Passed" start-time="2026-02-23 01:22:48Z" end-time="2026-02-23 01:22:48Z" duration="0.000186" asserts="0">
          <properties>
            <property name="retryIteration" value="0" />
            <property name="repeatIteration" value="0" />
          </properties>
        </test-case>
        <test-case id="1005" name="Value_matches_UnityEngine_Random_for_multiple_seeds" fullname="UnityRandomValidationTests.Value_matches_UnityEngine_Random_for_multiple_seeds" methodname="Value_matches_UnityEngine_Random_for_multiple_seeds" classname="UnityRandomValidationTests" runstate="Runnable" seed="87195670" result="Passed" start-time="2026-02-23 01:22:48Z" end-time="2026-02-23 01:22:48Z" duration="0.000485" asserts="0">
          <properties>
            <property name="retryIteration" value="0" />
            <property name="repeatIteration" value="0" />
          </properties>
        </test-case>
        <test-case id="1006" name="WorldGenerator_offset_sequence_matches" fullname="UnityRandomValidationTests.WorldGenerator_offset_sequence_matches" methodname="WorldGenerator_offset_sequence_matches" classname="UnityRandomValidationTests" runstate="Runnable" seed="1136633479" result="Passed" start-time="2026-02-23 01:22:48Z" end-time="2026-02-23 01:22:48Z" duration="0.000279" asserts="0">
          <properties>
            <property name="retryIteration" value="0" />
            <property name="repeatIteration" value="0" />
          </properties>
          <output><![CDATA[Saving results to: C:\Users\dangreen\projects\valheim\worldzones\tests\unity\TestResults-UnityRandom.xml
]]></output>
        </test-case>
      </test-suite>
    </test-suite>
  </test-suite>
</test-run>