<?xml version="1.0" encoding="utf-8"?>
<test-run id="2" testcasecount="2" result="Failed(Child)" total="2" passed="1" failed="1" inconclusive="0" skipped="0" asserts="0" engine-version="3.5.0.0" clr-version="4.0.30319.42000" start-time="2026-02-15 05:24:28Z" end-time="2026-02-15 05:24:28Z" duration="0.0495634">
  <test-suite type="TestSuite" id="1009" name="unity-perlin-wrapper" fullname="unity-perlin-wrapper" runstate="Runnable" testcasecount="2" result="Failed" site="Child" start-time="2026-02-15 05:24:28Z" end-time="2026-02-15 05:24:28Z" duration="0.049563" total="2" passed="1" failed="1" inconclusive="0" skipped="0" asserts="0">
    <properties>
      <property name="platform" value="PlayMode" />
    </properties>
    <failure>
      <message><![CDATA[One or more child tests had errors]]></message>
    </failure>
    <test-suite type="Assembly" id="1005" name="WorldZones.WorldGen.Tests.Unity.dll" fullname="C:/Users/dangreen/projects/valheim/worldzones/unity-perlin-wrapper/Library/ScriptAssemblies/WorldZones.WorldGen.Tests.Unity.dll" runstate="Runnable" testcasecount="2" result="Failed" site="Child" start-time="2026-02-15 05:24:28Z" end-time="2026-02-15 05:24:28Z" duration="0.037556" total="2" passed="1" failed="1" inconclusive="0" skipped="0" asserts="0">
      <properties>
        <property name="_PID" value="46536" />
        <property name="_APPDOMAIN" value="Unity Child Domain" />
        <property name="platform" value="PlayMode" />
        <property name="EditorOnly" value="False" />
      </properties>
      <failure>
        <message><![CDATA[One or more child tests had errors]]></message>
      </failure>
      <test-suite type="TestSuite" id="1006" name="WorldZones" fullname="WorldZones" runstate="Runnable" testcasecount="2" result="Failed" site="Child" start-time="2026-02-15 05:24:28Z" end-time="2026-02-15 05:24:28Z" duration="0.036710" total="2" passed="1" failed="1" inconclusive="0" skipped="0" asserts="0">
        <properties />
        <failure>
          <message><![CDATA[One or more child tests had errors]]></message>
        </failure>
        <test-suite type="TestSuite" id="1007" name="WorldGen" fullname="WorldZones.WorldGen" runstate="Runnable" testcasecount="2" result="Failed" site="Child" start-time="2026-02-15 05:24:28Z" end-time="2026-02-15 05:24:28Z" duration="0.036179" total="2" passed="1" failed="1" inconclusive="0" skipped="0" asserts="0">
          <properties />
          <failure>
            <message><![CDATA[One or more child tests had errors]]></message>
          </failure>
          <test-suite type="TestSuite" id="1008" name="Tests" fullname="WorldZones.WorldGen.Tests" runstate="Runnable" testcasecount="2" result="Failed" site="Child" start-time="2026-02-15 05:24:28Z" end-time="2026-02-15 05:24:28Z" duration="0.035780" total="2" passed="1" failed="1" inconclusive="0" skipped="0" asserts="0">
            <properties />
            <failure>
              <message><![CDATA[One or more child tests had errors]]></message>
            </failure>
            <test-suite type="TestFixture" id="1002" name="UnityGroundTruthTests" fullname="WorldZones.WorldGen.Tests.UnityGroundTruthTests" classname="WorldZones.WorldGen.Tests.UnityGroundTruthTests" runstate="Runnable" testcasecount="2" result="Failed" site="Child" start-time="2026-02-15 05:24:28Z" end-time="2026-02-15 05:24:28Z" duration="0.034589" total="2" passed="1" failed="1" inconclusive="0" skipped="0" asserts="0">
              <properties />
              <failure>
                <message><![CDATA[One or more child tests had errors]]></message>
              </failure>
              <test-case id="1004" name="ShowUnityOffsets_ForHHcLC5acQt" fullname="WorldZones.WorldGen.Tests.UnityGroundTruthTests.ShowUnityOffsets_ForHHcLC5acQt" methodname="ShowUnityOffsets_ForHHcLC5acQt" classname="WorldZones.WorldGen.Tests.UnityGroundTruthTests" runstate="Runnable" seed="2119544048" result="Passed" start-time="2026-02-15 05:24:28Z" end-time="2026-02-15 05:24:28Z" duration="0.011120" asserts="0">
                <properties>
                  <property name="retryIteration" value="0" />
                  <property name="repeatIteration" value="0" />
                </properties>
                <output><![CDATA[[WorldGeneratorUnity] Seed: HHcLC5acQt, Hash: 298112588
  Offsets: 20292.7858, 64034.7898, 71026.7127, 6663.8358, 38212.8894
Unity offsets for 'HHcLC5acQt':
  offset0: 20292.7857637405
  offset1: 64034.7898006439
  offset2: 71026.7126560211
  offset3: 6663.8357937336
  offset4: 38212.8894329071
]]></output>
              </test-case>
              <test-case id="1003" name="ValidateUnityImplementation_AgainstGroundTruth" fullname="WorldZones.WorldGen.Tests.UnityGroundTruthTests.ValidateUnityImplementation_AgainstGroundTruth" methodname="ValidateUnityImplementation_AgainstGroundTruth" classname="WorldZones.WorldGen.Tests.UnityGroundTruthTests" runstate="Runnable" seed="453130256" result="Failed" start-time="2026-02-15 05:24:28Z" end-time="2026-02-15 05:24:28Z" duration="0.013959" asserts="0">
                <properties>
                  <property name="retryIteration" value="0" />
                  <property name="repeatIteration" value="0" />
                </properties>
                <failure>
                  <message><![CDATA[  Should have at least 50% accuracy with Unity's real Perlin
  Expected: greater than or equal to 50.0f
  But was:  0.0f
]]></message>
                  <stack-trace><![CDATA[at WorldZones.WorldGen.Tests.UnityGroundTruthTests.ValidateUnityImplementation_AgainstGroundTruth () [0x00146] in C:\Users\dangreen\projects\valheim\worldzones\unity-perlin-wrapper\Assets\Tests\UnityGroundTruthTests.cs:66
]]></stack-trace>
                </failure>
                <output><![CDATA[[WorldGeneratorUnity] Seed: HHcLC5acQt, Hash: 298112588
  Offsets: 20292.7858, 64034.7898, 71026.7127, 6663.8358, 38212.8894
Ground Truth Validation:
  Matches: 0/6 (0.0%)
  Mismatches:
    (-11709, 11853): Expected=BlackForest, Got=Ocean
    (-11661, 11853): Expected=BlackForest, Got=Ocean
    (-11613, 11853): Expected=BlackForest, Got=Ocean
    (-3476, 979): Expected=BlackForest, Got=Plains
    (-2692, 563): Expected=Meadows, Got=Mountain
    (-2099, 116): Expected=Meadows, Got=Ocean
Saving results to: C:\Users\dangreen\projects\valheim\worldzones\unity-perlin-wrapper\test-results.xml
]]></output>
              </test-case>
            </test-suite>
          </test-suite>
        </test-suite>
      </test-suite>
    </test-suite>
  </test-suite>
</test-run>